\BOOKMARK [1][-]{section.1}{Abstract}{}% 1
\BOOKMARK [1][-]{section.2}{Einf\374hrung}{}% 2
\BOOKMARK [2][-]{subsection.2.1}{Aufgabenstellung}{section.2}% 3
\BOOKMARK [2][-]{subsection.2.2}{Vorgehen}{section.2}% 4
\BOOKMARK [2][-]{subsection.2.3}{Ziel der Bachelorarbeit}{section.2}% 5
\BOOKMARK [1][-]{section.3}{Daten}{}% 6
\BOOKMARK [2][-]{subsection.3.1}{Fahrplan General Transit Feed Specification \(GTFS\)}{section.3}% 7
\BOOKMARK [3][-]{subsubsection.3.1.1}{Datenstruktur}{subsection.3.1}% 8
\BOOKMARK [3][-]{subsubsection.3.1.2}{Vor- und Nachteile}{subsection.3.1}% 9
\BOOKMARK [2][-]{subsection.3.2}{GTFS Realtime \(GTFS-RT\)}{section.3}% 10
\BOOKMARK [3][-]{subsubsection.3.2.1}{Datenstruktur}{subsection.3.2}% 11
\BOOKMARK [3][-]{subsubsection.3.2.2}{Vor- und Nachteile}{subsection.3.2}% 12
\BOOKMARK [2][-]{subsection.3.3}{Fahrplan Hafas Rohdaten Format \(HRDF\)}{section.3}% 13
\BOOKMARK [3][-]{subsubsection.3.3.1}{Datenstruktur}{subsection.3.3}% 14
\BOOKMARK [3][-]{subsubsection.3.3.2}{Vor- und Nachteile}{subsection.3.3}% 15
\BOOKMARK [2][-]{subsection.3.4}{Fahrplan \334berblick \(timetable overview\)}{section.3}% 16
\BOOKMARK [2][-]{subsection.3.5}{Ist-Daten \(actual data\)}{section.3}% 17
\BOOKMARK [2][-]{subsection.3.6}{Dienststellendokumentation \(DiDok\)}{section.3}% 18
\BOOKMARK [2][-]{subsection.3.7}{Gesch\344ftsorganisationen \(business organisations\)}{section.3}% 19
\BOOKMARK [3][-]{subsubsection.3.7.1}{Gesch\344ftsorganisationen mit Echtzeit}{subsection.3.7}% 20
\BOOKMARK [2][-]{subsection.3.8}{GA-HTA-Liste}{section.3}% 21
\BOOKMARK [2][-]{subsection.3.9}{Bahnhofsliste \(station list\)}{section.3}% 22
\BOOKMARK [2][-]{subsection.3.10}{Abfahrts-/Ankunftsanzeiger \(departure/arrival display\)}{section.3}% 23
\BOOKMARK [2][-]{subsection.3.11}{Fahrtprognose \(trip forecast\)}{section.3}% 24
\BOOKMARK [1][-]{section.4}{Algorithmen}{}% 25
\BOOKMARK [2][-]{subsection.4.1}{Graph Basierte Algorithmen}{section.4}% 26
\BOOKMARK [3][-]{subsubsection.4.1.1}{Dijkstra}{subsection.4.1}% 27
\BOOKMARK [3][-]{subsubsection.4.1.2}{A*}{subsection.4.1}% 28
\BOOKMARK [3][-]{subsubsection.4.1.3}{Bellman-Ford}{subsection.4.1}% 29
\BOOKMARK [2][-]{subsection.4.2}{Non Graph Basierte Algorithmen}{section.4}% 30
\BOOKMARK [3][-]{subsubsection.4.2.1}{RAPTOR}{subsection.4.2}% 31
\BOOKMARK [3][-]{subsubsection.4.2.2}{Connection Scan Algorithm}{subsection.4.2}% 32
\BOOKMARK [2][-]{subsection.4.3}{Transfer Pattern}{section.4}% 33
\BOOKMARK [1][-]{section.5}{Programme}{}% 34
\BOOKMARK [2][-]{subsection.5.1}{Traintickets.to}{section.5}% 35
\BOOKMARK [2][-]{subsection.5.2}{Open Trip Planner}{section.5}% 36
\BOOKMARK [2][-]{subsection.5.3}{R5}{section.5}% 37
\BOOKMARK [1][-]{section.6}{Erkenntnisse}{}% 38
\BOOKMARK [2][-]{subsection.6.1}{Daten}{section.6}% 39
\BOOKMARK [2][-]{subsection.6.2}{Algorithmen}{section.6}% 40
\BOOKMARK [2][-]{subsection.6.3}{Programme}{section.6}% 41
\BOOKMARK [1][-]{section.7}{AufgabeBA}{}% 42
\BOOKMARK [2][-]{subsection.7.1}{AufgabenstellungBA}{section.7}% 43
\BOOKMARK [2][-]{subsection.7.2}{Lastenheft}{section.7}% 44
\BOOKMARK [2][-]{subsection.7.3}{Meilensteine}{section.7}% 45
\BOOKMARK [2][-]{subsection.7.4}{Zeitplan}{section.7}% 46
