\BOOKMARK [1][-]{section.1}{Abstract}{}% 1
\BOOKMARK [1][-]{section.2}{Einleitung}{}% 2
\BOOKMARK [1][-]{section.3}{Augabenstellung}{}% 3
\BOOKMARK [1][-]{section.4}{Voraussetzungen}{}% 4
\BOOKMARK [2][-]{subsection.4.1}{OpenTripPlanner}{section.4}% 5
\BOOKMARK [2][-]{subsection.4.2}{ConnectionScanAlgorithmus}{section.4}% 6
\BOOKMARK [2][-]{subsection.4.3}{General Transit Feed Specification}{section.4}% 7
\BOOKMARK [1][-]{section.5}{Endprogramm}{}% 8
\BOOKMARK [2][-]{subsection.5.1}{Datenstruktur}{section.5}% 9
\BOOKMARK [3][-]{subsubsection.5.1.1}{TimeTable}{subsection.5.1}% 10
\BOOKMARK [3][-]{subsubsection.5.1.2}{StopCSA}{subsection.5.1}% 11
\BOOKMARK [3][-]{subsubsection.5.1.3}{TripCSA}{subsection.5.1}% 12
\BOOKMARK [3][-]{subsubsection.5.1.4}{FootpathCSA}{subsection.5.1}% 13
\BOOKMARK [3][-]{subsubsection.5.1.5}{ConnectionCSA}{subsection.5.1}% 14
\BOOKMARK [3][-]{subsubsection.5.1.6}{LegCSA}{subsection.5.1}% 15
\BOOKMARK [3][-]{subsubsection.5.1.7}{JourneyPointer}{subsection.5.1}% 16
\BOOKMARK [3][-]{subsubsection.5.1.8}{Journey}{subsection.5.1}% 17
\BOOKMARK [2][-]{subsection.5.2}{Programmablauf}{section.5}% 18
\BOOKMARK [2][-]{subsection.5.3}{TimeTableBuilder}{section.5}% 19
\BOOKMARK [2][-]{subsection.5.4}{Server}{section.5}% 20
\BOOKMARK [2][-]{subsection.5.5}{Webseitenaufruf}{section.5}% 21
\BOOKMARK [2][-]{subsection.5.6}{CSA}{section.5}% 22
\BOOKMARK [2][-]{subsection.5.7}{JourneyToTripPlanConverter}{section.5}% 23
\BOOKMARK [1][-]{section.6}{Programmierverlauf}{}% 24
\BOOKMARK [2][-]{subsection.6.1}{OTP mit Schweizer Daten implementieren}{section.6}% 25
\BOOKMARK [2][-]{subsection.6.2}{Kann OTP ohne .osm file ausgef\374hrt werden?}{section.6}% 26
\BOOKMARK [2][-]{subsection.6.3}{Modellierung der Datenstrukur}{section.6}% 27
\BOOKMARK [2][-]{subsection.6.4}{Automatische generierte Klassendiagramme}{section.6}% 28
\BOOKMARK [2][-]{subsection.6.5}{Dummy-GTFS Daten erstellen}{section.6}% 29
\BOOKMARK [2][-]{subsection.6.6}{Mocking}{section.6}% 30
\BOOKMARK [3][-]{subsubsection.6.6.1}{CSAMock}{subsection.6.6}% 31
\BOOKMARK [3][-]{subsubsection.6.6.2}{TimeTableBuilderMock}{subsection.6.6}% 32
\BOOKMARK [3][-]{subsubsection.6.6.3}{JourneyToTripPlanConverterMock}{subsection.6.6}% 33
\BOOKMARK [2][-]{subsection.6.7}{TimeTableBuilder}{section.6}% 34
\BOOKMARK [2][-]{subsection.6.8}{JourneyToTripPlanConverter}{section.6}% 35
\BOOKMARK [3][-]{subsubsection.6.8.1}{Knackpunkte}{subsection.6.8}% 36
\BOOKMARK [1][-]{section.7}{Ergebniss}{}% 37
\BOOKMARK [1][-]{section.8}{Fazit}{}% 38
